<component name="libraryTable">
  <library name="junit">
    <CLASSES>
      <root url="jar://$USER_HOME$/Documents/IdeaProjects/RCC/customer-data-provider/lib/test/junit.jar!/" />
    </CLASSES>
    <JAVADOC />
    <SOURCES />
  </library>
</component>